<?xml version="1.0" encoding="UTF-8"?>
<testsuite xmlns:xsi="http://www.w3.org/2001/XMLSchema-instance" xsi:noNamespaceSchemaLocation="https://maven.apache.org/surefire/maven-surefire-plugin/xsd/surefire-test-report.xsd" name="digit.web.controllers.DataApiControllerTest" time="0.003" tests="1" errors="0" skipped="1" failures="0">
  <properties>
[...]
</properties>
  <testcase name="digit.web.controllers.DataApiControllerTest" classname="digit.web.controllers.DataApiControllerTest" time="0">
    <skipped/>
    <system-out><![CDATA[15:45:59.736 [main] DEBUG org.springframework.test.context.junit4.SpringJUnit4ClassRunner - SpringJUnit4ClassRunner constructor called with [class digit.web.controllers.DataApiControllerTest]
15:45:59.741 [main] DEBUG org.springframework.test.context.BootstrapUtils - Instantiating CacheAwareContextLoaderDelegate from class [org.springframework.test.context.cache.DefaultCacheAwareContextLoaderDelegate]
15:45:59.746 [main] DEBUG org.springframework.test.context.BootstrapUtils - Instantiating BootstrapContext using constructor [public org.springframework.test.context.support.DefaultBootstrapContext(java.lang.Class,org.springframework.test.context.CacheAwareContextLoaderDelegate)]
15:45:59.779 [main] DEBUG org.springframework.test.context.BootstrapUtils - Instantiating TestContextBootstrapper for test class [digit.web.controllers.DataApiControllerTest] from class [org.springframework.boot.test.autoconfigure.web.servlet.WebMvcTestContextBootstrapper]
15:45:59.792 [main] INFO org.springframework.boot.test.autoconfigure.web.servlet.WebMvcTestContextBootstrapper - Neither @ContextConfiguration nor @ContextHierarchy found for test class [digit.web.controllers.DataApiControllerTest], using SpringBootContextLoader
15:45:59.795 [main] DEBUG org.springframework.test.context.support.AbstractContextLoader - Did not detect default resource location for test class [digit.web.controllers.DataApiControllerTest]: class path resource [digit/web/controllers/DataApiControllerTest-context.xml] does not exist
15:45:59.795 [main] DEBUG org.springframework.test.context.support.AbstractContextLoader - Did not detect default resource location for test class [digit.web.controllers.DataApiControllerTest]: class path resource [digit/web/controllers/DataApiControllerTestContext.groovy] does not exist
15:45:59.795 [main] INFO org.springframework.test.context.support.AbstractContextLoader - Could not detect default resource locations for test class [digit.web.controllers.DataApiControllerTest]: no resource found for suffixes {-context.xml, Context.groovy}.
15:45:59.796 [main] INFO org.springframework.test.context.support.AnnotationConfigContextLoaderUtils - Could not detect default configuration classes for test class [digit.web.controllers.DataApiControllerTest]: DataApiControllerTest does not declare any static, non-private, non-final, nested classes annotated with @Configuration.
15:45:59.833 [main] DEBUG org.springframework.test.context.support.ActiveProfilesUtils - Could not find an 'annotation declaring class' for annotation type [org.springframework.test.context.ActiveProfiles] and class [digit.web.controllers.DataApiControllerTest]
15:45:59.870 [main] DEBUG org.springframework.context.annotation.ClassPathScanningCandidateComponentProvider - Identified candidate component class: file [/home/admin1/Downloads/upyog/utilities/mdms-migration/output/target/classes/digit/Main.class]
15:45:59.871 [main] INFO org.springframework.boot.test.context.SpringBootTestContextBootstrapper - Found @SpringBootConfiguration digit.Main for test class digit.web.controllers.DataApiControllerTest
15:45:59.872 [main] DEBUG org.springframework.boot.test.autoconfigure.web.servlet.WebMvcTestContextBootstrapper - @TestExecutionListeners is not present for class [digit.web.controllers.DataApiControllerTest]: using defaults.
15:45:59.872 [main] INFO org.springframework.boot.test.autoconfigure.web.servlet.WebMvcTestContextBootstrapper - Loaded default TestExecutionListener class names from location [META-INF/spring.factories]: [org.springframework.boot.test.mock.mockito.MockitoTestExecutionListener, org.springframework.boot.test.mock.mockito.ResetMocksTestExecutionListener, org.springframework.boot.test.autoconfigure.restdocs.RestDocsTestExecutionListener, org.springframework.boot.test.autoconfigure.web.client.MockRestServiceServerResetTestExecutionListener, org.springframework.boot.test.autoconfigure.web.servlet.MockMvcPrintOnlyOnFailureTestExecutionListener, org.springframework.boot.test.autoconfigure.web.servlet.WebDriverTestExecutionListener, org.springframework.test.context.web.ServletTestExecutionListener, org.springframework.test.context.support.DirtiesContextBeforeModesTestExecutionListener, org.springframework.test.context.support.DependencyInjectionTestExecutionListener, org.springframework.test.context.support.DirtiesContextTestExecutionListener, org.springframework.test.context.transaction.TransactionalTestExecutionListener, org.springframework.test.context.jdbc.SqlScriptsTestExecutionListener, org.springframework.test.context.event.EventPublishingTestExecutionListener]
15:45:59.885 [main] INFO org.springframework.boot.test.autoconfigure.web.servlet.WebMvcTestContextBootstrapper - Using TestExecutionListeners: [org.springframework.test.context.web.ServletTestExecutionListener@4d1c00d0, org.springframework.test.context.support.DirtiesContextBeforeModesTestExecutionListener@4b2bac3f, org.springframework.boot.test.mock.mockito.MockitoTestExecutionListener@4e08711f, org.springframework.boot.test.autoconfigure.SpringBootDependencyInjectionTestExecutionListener@bcec361, org.springframework.test.context.support.DirtiesContextTestExecutionListener@26794848, org.springframework.test.context.transaction.TransactionalTestExecutionListener@302552ec, org.springframework.test.context.jdbc.SqlScriptsTestExecutionListener@3d285d7e, org.springframework.test.context.event.EventPublishingTestExecutionListener@40005471, org.springframework.boot.test.mock.mockito.ResetMocksTestExecutionListener@2cd76f31, org.springframework.boot.test.autoconfigure.restdocs.RestDocsTestExecutionListener@367ffa75, org.springframework.boot.test.autoconfigure.web.client.MockRestServiceServerResetTestExecutionListener@49438269, org.springframework.boot.test.autoconfigure.web.servlet.MockMvcPrintOnlyOnFailureTestExecutionListener@ba2f4ec, org.springframework.boot.test.autoconfigure.web.servlet.WebDriverTestExecutionListener@1c1bbc4e]
15:45:59.893 [main] DEBUG org.springframework.test.annotation.ProfileValueUtils - Retrieved @ProfileValueSourceConfiguration [null] for test class [digit.web.controllers.DataApiControllerTest]
15:45:59.894 [main] DEBUG org.springframework.test.annotation.ProfileValueUtils - Retrieved ProfileValueSource type [class org.springframework.test.annotation.SystemProfileValueSource] for class [digit.web.controllers.DataApiControllerTest]
15:45:59.915 [main] DEBUG org.springframework.test.context.junit4.SpringJUnit4ClassRunner - SpringJUnit4ClassRunner constructor called with [class digit.web.controllers.SchemaApiControllerTest]
15:45:59.916 [main] DEBUG org.springframework.test.context.BootstrapUtils - Instantiating CacheAwareContextLoaderDelegate from class [org.springframework.test.context.cache.DefaultCacheAwareContextLoaderDelegate]
15:45:59.916 [main] DEBUG org.springframework.test.context.BootstrapUtils - Instantiating BootstrapContext using constructor [public org.springframework.test.context.support.DefaultBootstrapContext(java.lang.Class,org.springframework.test.context.CacheAwareContextLoaderDelegate)]
15:45:59.916 [main] DEBUG org.springframework.test.context.BootstrapUtils - Instantiating TestContextBootstrapper for test class [digit.web.controllers.SchemaApiControllerTest] from class [org.springframework.boot.test.autoconfigure.web.servlet.WebMvcTestContextBootstrapper]
15:45:59.917 [main] INFO org.springframework.boot.test.autoconfigure.web.servlet.WebMvcTestContextBootstrapper - Neither @ContextConfiguration nor @ContextHierarchy found for test class [digit.web.controllers.SchemaApiControllerTest], using SpringBootContextLoader
15:45:59.918 [main] DEBUG org.springframework.test.context.support.AbstractContextLoader - Did not detect default resource location for test class [digit.web.controllers.SchemaApiControllerTest]: class path resource [digit/web/controllers/SchemaApiControllerTest-context.xml] does not exist
15:45:59.918 [main] DEBUG org.springframework.test.context.support.AbstractContextLoader - Did not detect default resource location for test class [digit.web.controllers.SchemaApiControllerTest]: class path resource [digit/web/controllers/SchemaApiControllerTestContext.groovy] does not exist
15:45:59.918 [main] INFO org.springframework.test.context.support.AbstractContextLoader - Could not detect default resource locations for test class [digit.web.controllers.SchemaApiControllerTest]: no resource found for suffixes {-context.xml, Context.groovy}.
15:45:59.918 [main] INFO org.springframework.test.context.support.AnnotationConfigContextLoaderUtils - Could not detect default configuration classes for test class [digit.web.controllers.SchemaApiControllerTest]: SchemaApiControllerTest does not declare any static, non-private, non-final, nested classes annotated with @Configuration.
15:45:59.922 [main] DEBUG org.springframework.test.context.support.ActiveProfilesUtils - Could not find an 'annotation declaring class' for annotation type [org.springframework.test.context.ActiveProfiles] and class [digit.web.controllers.SchemaApiControllerTest]
15:45:59.922 [main] INFO org.springframework.boot.test.context.SpringBootTestContextBootstrapper - Found @SpringBootConfiguration digit.Main for test class digit.web.controllers.SchemaApiControllerTest
15:45:59.923 [main] DEBUG org.springframework.boot.test.autoconfigure.web.servlet.WebMvcTestContextBootstrapper - @TestExecutionListeners is not present for class [digit.web.controllers.SchemaApiControllerTest]: using defaults.
15:45:59.923 [main] INFO org.springframework.boot.test.autoconfigure.web.servlet.WebMvcTestContextBootstrapper - Loaded default TestExecutionListener class names from location [META-INF/spring.factories]: [org.springframework.boot.test.mock.mockito.MockitoTestExecutionListener, org.springframework.boot.test.mock.mockito.ResetMocksTestExecutionListener, org.springframework.boot.test.autoconfigure.restdocs.RestDocsTestExecutionListener, org.springframework.boot.test.autoconfigure.web.client.MockRestServiceServerResetTestExecutionListener, org.springframework.boot.test.autoconfigure.web.servlet.MockMvcPrintOnlyOnFailureTestExecutionListener, org.springframework.boot.test.autoconfigure.web.servlet.WebDriverTestExecutionListener, org.springframework.test.context.web.ServletTestExecutionListener, org.springframework.test.context.support.DirtiesContextBeforeModesTestExecutionListener, org.springframework.test.context.support.DependencyInjectionTestExecutionListener, org.springframework.test.context.support.DirtiesContextTestExecutionListener, org.springframework.test.context.transaction.TransactionalTestExecutionListener, org.springframework.test.context.jdbc.SqlScriptsTestExecutionListener, org.springframework.test.context.event.EventPublishingTestExecutionListener]
15:45:59.923 [main] INFO org.springframework.boot.test.autoconfigure.web.servlet.WebMvcTestContextBootstrapper - Using TestExecutionListeners: [org.springframework.test.context.web.ServletTestExecutionListener@762ef0ea, org.springframework.test.context.support.DirtiesContextBeforeModesTestExecutionListener@31f9b85e, org.springframework.boot.test.mock.mockito.MockitoTestExecutionListener@424e1977, org.springframework.boot.test.autoconfigure.SpringBootDependencyInjectionTestExecutionListener@10d68fcd, org.springframework.test.context.support.DirtiesContextTestExecutionListener@117e949d, org.springframework.test.context.transaction.TransactionalTestExecutionListener@6db9f5a4, org.springframework.test.context.jdbc.SqlScriptsTestExecutionListener@5f8edcc5, org.springframework.test.context.event.EventPublishingTestExecutionListener@7b02881e, org.springframework.boot.test.mock.mockito.ResetMocksTestExecutionListener@1ebd319f, org.springframework.boot.test.autoconfigure.restdocs.RestDocsTestExecutionListener@3c0be339, org.springframework.boot.test.autoconfigure.web.client.MockRestServiceServerResetTestExecutionListener@15ca7889, org.springframework.boot.test.autoconfigure.web.servlet.MockMvcPrintOnlyOnFailureTestExecutionListener@7a675056, org.springframework.boot.test.autoconfigure.web.servlet.WebDriverTestExecutionListener@d21a74c]
15:45:59.923 [main] DEBUG org.springframework.test.annotation.ProfileValueUtils - Retrieved @ProfileValueSourceConfiguration [null] for test class [digit.web.controllers.SchemaApiControllerTest]
15:45:59.923 [main] DEBUG org.springframework.test.annotation.ProfileValueUtils - Retrieved ProfileValueSource type [class org.springframework.test.annotation.SystemProfileValueSource] for class [digit.web.controllers.SchemaApiControllerTest]
15:45:59.932 [main] DEBUG org.springframework.test.context.junit4.SpringJUnit4ClassRunner - SpringJUnit4ClassRunner constructor called with [class digit.web.controllers.DataApiControllerTest]
15:45:59.932 [main] DEBUG org.springframework.test.context.BootstrapUtils - Instantiating CacheAwareContextLoaderDelegate from class [org.springframework.test.context.cache.DefaultCacheAwareContextLoaderDelegate]
15:45:59.932 [main] DEBUG org.springframework.test.context.BootstrapUtils - Instantiating BootstrapContext using constructor [public org.springframework.test.context.support.DefaultBootstrapContext(java.lang.Class,org.springframework.test.context.CacheAwareContextLoaderDelegate)]
15:45:59.932 [main] DEBUG org.springframework.test.context.BootstrapUtils - Instantiating TestContextBootstrapper for test class [digit.web.controllers.DataApiControllerTest] from class [org.springframework.boot.test.autoconfigure.web.servlet.WebMvcTestContextBootstrapper]
15:45:59.933 [main] INFO org.springframework.boot.test.autoconfigure.web.servlet.WebMvcTestContextBootstrapper - Neither @ContextConfiguration nor @ContextHierarchy found for test class [digit.web.controllers.DataApiControllerTest], using SpringBootContextLoader
15:45:59.933 [main] DEBUG org.springframework.test.context.support.AbstractContextLoader - Did not detect default resource location for test class [digit.web.controllers.DataApiControllerTest]: class path resource [digit/web/controllers/DataApiControllerTest-context.xml] does not exist
15:45:59.933 [main] DEBUG org.springframework.test.context.support.AbstractContextLoader - Did not detect default resource location for test class [digit.web.controllers.DataApiControllerTest]: class path resource [digit/web/controllers/DataApiControllerTestContext.groovy] does not exist
15:45:59.933 [main] INFO org.springframework.test.context.support.AbstractContextLoader - Could not detect default resource locations for test class [digit.web.controllers.DataApiControllerTest]: no resource found for suffixes {-context.xml, Context.groovy}.
15:45:59.933 [main] INFO org.springframework.test.context.support.AnnotationConfigContextLoaderUtils - Could not detect default configuration classes for test class [digit.web.controllers.DataApiControllerTest]: DataApiControllerTest does not declare any static, non-private, non-final, nested classes annotated with @Configuration.
15:45:59.938 [main] DEBUG org.springframework.test.context.support.ActiveProfilesUtils - Could not find an 'annotation declaring class' for annotation type [org.springframework.test.context.ActiveProfiles] and class [digit.web.controllers.DataApiControllerTest]
15:45:59.938 [main] INFO org.springframework.boot.test.context.SpringBootTestContextBootstrapper - Found @SpringBootConfiguration digit.Main for test class digit.web.controllers.DataApiControllerTest
15:45:59.939 [main] DEBUG org.springframework.boot.test.autoconfigure.web.servlet.WebMvcTestContextBootstrapper - @TestExecutionListeners is not present for class [digit.web.controllers.DataApiControllerTest]: using defaults.
15:45:59.939 [main] INFO org.springframework.boot.test.autoconfigure.web.servlet.WebMvcTestContextBootstrapper - Loaded default TestExecutionListener class names from location [META-INF/spring.factories]: [org.springframework.boot.test.mock.mockito.MockitoTestExecutionListener, org.springframework.boot.test.mock.mockito.ResetMocksTestExecutionListener, org.springframework.boot.test.autoconfigure.restdocs.RestDocsTestExecutionListener, org.springframework.boot.test.autoconfigure.web.client.MockRestServiceServerResetTestExecutionListener, org.springframework.boot.test.autoconfigure.web.servlet.MockMvcPrintOnlyOnFailureTestExecutionListener, org.springframework.boot.test.autoconfigure.web.servlet.WebDriverTestExecutionListener, org.springframework.test.context.web.ServletTestExecutionListener, org.springframework.test.context.support.DirtiesContextBeforeModesTestExecutionListener, org.springframework.test.context.support.DependencyInjectionTestExecutionListener, org.springframework.test.context.support.DirtiesContextTestExecutionListener, org.springframework.test.context.transaction.TransactionalTestExecutionListener, org.springframework.test.context.jdbc.SqlScriptsTestExecutionListener, org.springframework.test.context.event.EventPublishingTestExecutionListener]
15:45:59.940 [main] INFO org.springframework.boot.test.autoconfigure.web.servlet.WebMvcTestContextBootstrapper - Using TestExecutionListeners: [org.springframework.test.context.web.ServletTestExecutionListener@2b4bac49, org.springframework.test.context.support.DirtiesContextBeforeModesTestExecutionListener@fd07cbb, org.springframework.boot.test.mock.mockito.MockitoTestExecutionListener@3571b748, org.springframework.boot.test.autoconfigure.SpringBootDependencyInjectionTestExecutionListener@3e96bacf, org.springframework.test.context.support.DirtiesContextTestExecutionListener@484970b0, org.springframework.test.context.transaction.TransactionalTestExecutionListener@4470f8a6, org.springframework.test.context.jdbc.SqlScriptsTestExecutionListener@7c83dc97, org.springframework.test.context.event.EventPublishingTestExecutionListener@7748410a, org.springframework.boot.test.mock.mockito.ResetMocksTestExecutionListener@740773a3, org.springframework.boot.test.autoconfigure.restdocs.RestDocsTestExecutionListener@37f1104d, org.springframework.boot.test.autoconfigure.web.client.MockRestServiceServerResetTestExecutionListener@55740540, org.springframework.boot.test.autoconfigure.web.servlet.MockMvcPrintOnlyOnFailureTestExecutionListener@60015ef5, org.springframework.boot.test.autoconfigure.web.servlet.WebDriverTestExecutionListener@2f54a33d]
15:45:59.940 [main] DEBUG org.springframework.test.annotation.ProfileValueUtils - Retrieved @ProfileValueSourceConfiguration [null] for test class [digit.web.controllers.DataApiControllerTest]
15:45:59.940 [main] DEBUG org.springframework.test.annotation.ProfileValueUtils - Retrieved ProfileValueSource type [class org.springframework.test.annotation.SystemProfileValueSource] for class [digit.web.controllers.DataApiControllerTest]
15:45:59.941 [main] DEBUG org.springframework.test.context.junit4.SpringJUnit4ClassRunner - SpringJUnit4ClassRunner constructor called with [class digit.web.controllers.SchemaApiControllerTest]
15:45:59.941 [main] DEBUG org.springframework.test.context.BootstrapUtils - Instantiating CacheAwareContextLoaderDelegate from class [org.springframework.test.context.cache.DefaultCacheAwareContextLoaderDelegate]
15:45:59.941 [main] DEBUG org.springframework.test.context.BootstrapUtils - Instantiating BootstrapContext using constructor [public org.springframework.test.context.support.DefaultBootstrapContext(java.lang.Class,org.springframework.test.context.CacheAwareContextLoaderDelegate)]
15:45:59.941 [main] DEBUG org.springframework.test.context.BootstrapUtils - Instantiating TestContextBootstrapper for test class [digit.web.controllers.SchemaApiControllerTest] from class [org.springframework.boot.test.autoconfigure.web.servlet.WebMvcTestContextBootstrapper]
15:45:59.942 [main] INFO org.springframework.boot.test.autoconfigure.web.servlet.WebMvcTestContextBootstrapper - Neither @ContextConfiguration nor @ContextHierarchy found for test class [digit.web.controllers.SchemaApiControllerTest], using SpringBootContextLoader
15:45:59.942 [main] DEBUG org.springframework.test.context.support.AbstractContextLoader - Did not detect default resource location for test class [digit.web.controllers.SchemaApiControllerTest]: class path resource [digit/web/controllers/SchemaApiControllerTest-context.xml] does not exist
15:45:59.942 [main] DEBUG org.springframework.test.context.support.AbstractContextLoader - Did not detect default resource location for test class [digit.web.controllers.SchemaApiControllerTest]: class path resource [digit/web/controllers/SchemaApiControllerTestContext.groovy] does not exist
15:45:59.942 [main] INFO org.springframework.test.context.support.AbstractContextLoader - Could not detect default resource locations for test class [digit.web.controllers.SchemaApiControllerTest]: no resource found for suffixes {-context.xml, Context.groovy}.
15:45:59.943 [main] INFO org.springframework.test.context.support.AnnotationConfigContextLoaderUtils - Could not detect default configuration classes for test class [digit.web.controllers.SchemaApiControllerTest]: SchemaApiControllerTest does not declare any static, non-private, non-final, nested classes annotated with @Configuration.
15:45:59.947 [main] DEBUG org.springframework.test.context.support.ActiveProfilesUtils - Could not find an 'annotation declaring class' for annotation type [org.springframework.test.context.ActiveProfiles] and class [digit.web.controllers.SchemaApiControllerTest]
15:45:59.947 [main] INFO org.springframework.boot.test.context.SpringBootTestContextBootstrapper - Found @SpringBootConfiguration digit.Main for test class digit.web.controllers.SchemaApiControllerTest
15:45:59.948 [main] DEBUG org.springframework.boot.test.autoconfigure.web.servlet.WebMvcTestContextBootstrapper - @TestExecutionListeners is not present for class [digit.web.controllers.SchemaApiControllerTest]: using defaults.
15:45:59.948 [main] INFO org.springframework.boot.test.autoconfigure.web.servlet.WebMvcTestContextBootstrapper - Loaded default TestExecutionListener class names from location [META-INF/spring.factories]: [org.springframework.boot.test.mock.mockito.MockitoTestExecutionListener, org.springframework.boot.test.mock.mockito.ResetMocksTestExecutionListener, org.springframework.boot.test.autoconfigure.restdocs.RestDocsTestExecutionListener, org.springframework.boot.test.autoconfigure.web.client.MockRestServiceServerResetTestExecutionListener, org.springframework.boot.test.autoconfigure.web.servlet.MockMvcPrintOnlyOnFailureTestExecutionListener, org.springframework.boot.test.autoconfigure.web.servlet.WebDriverTestExecutionListener, org.springframework.test.context.web.ServletTestExecutionListener, org.springframework.test.context.support.DirtiesContextBeforeModesTestExecutionListener, org.springframework.test.context.support.DependencyInjectionTestExecutionListener, org.springframework.test.context.support.DirtiesContextTestExecutionListener, org.springframework.test.context.transaction.TransactionalTestExecutionListener, org.springframework.test.context.jdbc.SqlScriptsTestExecutionListener, org.springframework.test.context.event.EventPublishingTestExecutionListener]
15:45:59.948 [main] INFO org.springframework.boot.test.autoconfigure.web.servlet.WebMvcTestContextBootstrapper - Using TestExecutionListeners: [org.springframework.test.context.web.ServletTestExecutionListener@f2ff811, org.springframework.test.context.support.DirtiesContextBeforeModesTestExecutionListener@568ff82, org.springframework.boot.test.mock.mockito.MockitoTestExecutionListener@50caa560, org.springframework.boot.test.autoconfigure.SpringBootDependencyInjectionTestExecutionListener@2a266d09, org.springframework.test.context.support.DirtiesContextTestExecutionListener@5ab9e72c, org.springframework.test.context.transaction.TransactionalTestExecutionListener@186f8716, org.springframework.test.context.jdbc.SqlScriptsTestExecutionListener@1d8bd0de, org.springframework.test.context.event.EventPublishingTestExecutionListener@45ca843, org.springframework.boot.test.mock.mockito.ResetMocksTestExecutionListener@11c9af63, org.springframework.boot.test.autoconfigure.restdocs.RestDocsTestExecutionListener@757acd7b, org.springframework.boot.test.autoconfigure.web.client.MockRestServiceServerResetTestExecutionListener@36b4fe2a, org.springframework.boot.test.autoconfigure.web.servlet.MockMvcPrintOnlyOnFailureTestExecutionListener@574b560f, org.springframework.boot.test.autoconfigure.web.servlet.WebDriverTestExecutionListener@ba54932]
15:45:59.948 [main] DEBUG org.springframework.test.annotation.ProfileValueUtils - Retrieved @ProfileValueSourceConfiguration [null] for test class [digit.web.controllers.SchemaApiControllerTest]
15:45:59.948 [main] DEBUG org.springframework.test.annotation.ProfileValueUtils - Retrieved ProfileValueSource type [class org.springframework.test.annotation.SystemProfileValueSource] for class [digit.web.controllers.SchemaApiControllerTest]
15:45:59.980 [main] DEBUG org.springframework.test.annotation.ProfileValueUtils - Retrieved @ProfileValueSourceConfiguration [null] for test class [digit.web.controllers.DataApiControllerTest]
15:45:59.980 [main] DEBUG org.springframework.test.annotation.ProfileValueUtils - Retrieved ProfileValueSource type [class org.springframework.test.annotation.SystemProfileValueSource] for class [digit.web.controllers.DataApiControllerTest]
15:45:59.980 [main] DEBUG org.springframework.test.annotation.ProfileValueUtils - Retrieved @ProfileValueSourceConfiguration [null] for test class [digit.web.controllers.DataApiControllerTest]
15:45:59.981 [main] DEBUG org.springframework.test.annotation.ProfileValueUtils - Retrieved ProfileValueSource type [class org.springframework.test.annotation.SystemProfileValueSource] for class [digit.web.controllers.DataApiControllerTest]
]]></system-out>
  </testcase>
</testsuite>