<?xml version="1.0" encoding="UTF-8"?>
<testsuite xmlns:xsi="http://www.w3.org/2001/XMLSchema-instance" xsi:noNamespaceSchemaLocation="https://maven.apache.org/surefire/maven-surefire-plugin/xsd/surefire-test-report.xsd" name="digit.web.controllers.SchemaApiControllerTest" time="0" tests="1" errors="0" skipped="1" failures="0">
  <properties>
[...]
</properties>
  <testcase name="digit.web.controllers.SchemaApiControllerTest" classname="digit.web.controllers.SchemaApiControllerTest" time="0">
    <skipped/>
    <system-out><![CDATA[15:45:59.984 [main] DEBUG org.springframework.test.annotation.ProfileValueUtils - Retrieved @ProfileValueSourceConfiguration [null] for test class [digit.web.controllers.SchemaApiControllerTest]
15:45:59.984 [main] DEBUG org.springframework.test.annotation.ProfileValueUtils - Retrieved ProfileValueSource type [class org.springframework.test.annotation.SystemProfileValueSource] for class [digit.web.controllers.SchemaApiControllerTest]
15:45:59.985 [main] DEBUG org.springframework.test.annotation.ProfileValueUtils - Retrieved @ProfileValueSourceConfiguration [null] for test class [digit.web.controllers.SchemaApiControllerTest]
15:45:59.985 [main] DEBUG org.springframework.test.annotation.ProfileValueUtils - Retrieved ProfileValueSource type [class org.springframework.test.annotation.SystemProfileValueSource] for class [digit.web.controllers.SchemaApiControllerTest]
]]></system-out>
  </testcase>
</testsuite>